Electrostatic potential parameters

Grid information (see 1_default_grid.dat in Angstrom)
    Number of grid points:            1182

Quantum electrostatic potential (see 1_default_grid_esp.dat)

Constraints
    Charge constraints
        Total charge of  -0.00936784 on the set   5
        Total charge of  -0.13591517 on the set   6
        Total charge of  -0.45284782 on the set   7
        Total charge of   0.72298911 on the set   8
    Equality constraints
        Equal charges on atoms
                                  2   3   4

Restraint
    Hyperbolic restraint to a charge of zero
    Hydrogen atoms are not restrained
    resp_a:                           0.0010
    resp_b:                           0.1000

Fit

Electrostatic Potential Charges
   Center  Symbol       ESP      RESP
      1    C      -0.34137911 -0.05272226
      2    C       0.18145787  0.03200817
      3    C       0.18145787  0.03200817
      4    C       0.18145787  0.03200817
      5    C      -0.00936784 -0.00936784
      6    C      -0.13591517 -0.13591517
      7    C      -0.45284782 -0.45284782
      8    C       0.72298911  0.72298911
      9    O      -0.59757800 -0.59087871
     10    O      -0.61599963 -0.58674990
     11    N      -0.62801341 -0.37062991
     12    C       0.56304626  0.33147633
     13    O      -0.54467276 -0.47275260
     14    H       0.07470580  0.01938874
     15    H       0.15077015  0.06759916
     16    H       0.11411636  0.04005740
     17    H      -0.07230979 -0.01140003
     18    H      -0.03942605  0.02139027
     19    H      -0.06114912 -0.01483178
     20    H      -0.03713154  0.02330653
     21    H       0.01985291  0.03173580
     22    H       0.03394170  0.05109998
     23    H       0.13196997  0.13548687
     24    H       0.18926915  0.18988016
     25    H       0.17705684  0.17702578
     26    H       0.44057394  0.42502978
     27    H       0.34192444  0.28121686
     28    H       0.03120001  0.08438875
Total Charge:      0.00000000 -0.00000000
